2011/01/16 08:08:17 [error] [php] date(): It is not safe to rely on the system's timezone settings. You are *required* to use the date.timezone setting or the date_default_timezone_set() function. In case you used any of those methods and you are still getting this warning, you most likely misspelled the timezone identifier. We selected 'Asia/Jakarta' for 'WIT/7.0/no DST' instead (/home/ata/Project/billing/protected/views/layouts/main.php:47)
Stack trace:
#0 /home/ata/Project/billing/framework/web/CBaseController.php(88): SiteController->renderInternal()
#1 /home/ata/Project/billing/framework/web/widgets/CContentDecorator.php(78): SiteController->renderFile()
#2 /home/ata/Project/billing/framework/web/widgets/CContentDecorator.php(56): CContentDecorator->decorate()
#3 /home/ata/Project/billing/framework/web/widgets/COutputProcessor.php(45): CContentDecorator->processOutput()
#4 /home/ata/Project/billing/framework/web/CBaseController.php(199): CContentDecorator->run()
#5 /home/ata/Project/billing/framework/web/CBaseController.php(294): SiteController->endWidget()
#6 /home/ata/Project/billing/protected/views/layouts/column1.php(7): SiteController->endContent()
#7 /home/ata/Project/billing/framework/web/CBaseController.php(119): require()
#8 /home/ata/Project/billing/framework/web/CBaseController.php(88): SiteController->renderInternal()
#9 /home/ata/Project/billing/framework/web/CController.php(748): SiteController->renderFile()
#10 /home/ata/Project/billing/protected/controllers/SiteController.php(32): SiteController->render()
#11 /home/ata/Project/billing/framework/web/actions/CInlineAction.php(57): SiteController->actionIndex()
#12 /home/ata/Project/billing/framework/web/CController.php(300): CInlineAction->run()
#13 /home/ata/Project/billing/framework/web/CController.php(278): SiteController->runAction()
#14 /home/ata/Project/billing/framework/web/CController.php(257): SiteController->runActionWithFilters()
#15 /home/ata/Project/billing/framework/web/CWebApplication.php(324): SiteController->run()
#16 /home/ata/Project/billing/framework/web/CWebApplication.php(121): CWebApplication->runController()
#17 /home/ata/Project/billing/framework/base/CApplication.php(135): CWebApplication->processRequest()
#18 /home/ata/Project/billing/index.php(13): CWebApplication->run()
REQUEST_URI=/
in /home/ata/Project/billing/protected/views/layouts/main.php (47)
in /home/ata/Project/billing/protected/views/layouts/column1.php (7)
in /home/ata/Project/billing/protected/controllers/SiteController.php (32)
2011/01/16 08:08:17 [error] [php] date(): It is not safe to rely on the system's timezone settings. You are *required* to use the date.timezone setting or the date_default_timezone_set() function. In case you used any of those methods and you are still getting this warning, you most likely misspelled the timezone identifier. We selected 'Asia/Jakarta' for 'WIT/7.0/no DST' instead (/home/ata/Project/billing/protected/views/layouts/main.php:47)
Stack trace:
#0 /home/ata/Project/billing/framework/web/CBaseController.php(88): SiteController->renderInternal()
#1 /home/ata/Project/billing/framework/web/widgets/CContentDecorator.php(78): SiteController->renderFile()
#2 /home/ata/Project/billing/framework/web/widgets/CContentDecorator.php(56): CContentDecorator->decorate()
#3 /home/ata/Project/billing/framework/web/widgets/COutputProcessor.php(45): CContentDecorator->processOutput()
#4 /home/ata/Project/billing/framework/web/CBaseController.php(199): CContentDecorator->run()
#5 /home/ata/Project/billing/framework/web/CBaseController.php(294): SiteController->endWidget()
#6 /home/ata/Project/billing/protected/views/layouts/column1.php(7): SiteController->endContent()
#7 /home/ata/Project/billing/framework/web/CBaseController.php(119): require()
#8 /home/ata/Project/billing/framework/web/CBaseController.php(88): SiteController->renderInternal()
#9 /home/ata/Project/billing/framework/web/CController.php(748): SiteController->renderFile()
#10 /home/ata/Project/billing/protected/controllers/SiteController.php(32): SiteController->render()
#11 /home/ata/Project/billing/framework/web/actions/CInlineAction.php(57): SiteController->actionIndex()
#12 /home/ata/Project/billing/framework/web/CController.php(300): CInlineAction->run()
#13 /home/ata/Project/billing/framework/web/CController.php(278): SiteController->runAction()
#14 /home/ata/Project/billing/framework/web/CController.php(257): SiteController->runActionWithFilters()
#15 /home/ata/Project/billing/framework/web/CWebApplication.php(324): SiteController->run()
#16 /home/ata/Project/billing/framework/web/CWebApplication.php(121): CWebApplication->runController()
#17 /home/ata/Project/billing/framework/base/CApplication.php(135): CWebApplication->processRequest()
#18 /home/ata/Project/billing/index.php(13): CWebApplication->run()
REQUEST_URI=/favicon.ico
in /home/ata/Project/billing/protected/views/layouts/main.php (47)
in /home/ata/Project/billing/protected/views/layouts/column1.php (7)
in /home/ata/Project/billing/protected/controllers/SiteController.php (32)
2011/01/16 08:08:20 [error] [php] date(): It is not safe to rely on the system's timezone settings. You are *required* to use the date.timezone setting or the date_default_timezone_set() function. In case you used any of those methods and you are still getting this warning, you most likely misspelled the timezone identifier. We selected 'Asia/Jakarta' for 'WIT/7.0/no DST' instead (/home/ata/Project/billing/protected/views/layouts/main.php:47)
Stack trace:
#0 /home/ata/Project/billing/framework/web/CBaseController.php(88): SiteController->renderInternal()
#1 /home/ata/Project/billing/framework/web/widgets/CContentDecorator.php(78): SiteController->renderFile()
#2 /home/ata/Project/billing/framework/web/widgets/CContentDecorator.php(56): CContentDecorator->decorate()
#3 /home/ata/Project/billing/framework/web/widgets/COutputProcessor.php(45): CContentDecorator->processOutput()
#4 /home/ata/Project/billing/framework/web/CBaseController.php(199): CContentDecorator->run()
#5 /home/ata/Project/billing/framework/web/CBaseController.php(294): SiteController->endWidget()
#6 /home/ata/Project/billing/protected/views/layouts/column1.php(7): SiteController->endContent()
#7 /home/ata/Project/billing/framework/web/CBaseController.php(119): require()
#8 /home/ata/Project/billing/framework/web/CBaseController.php(88): SiteController->renderInternal()
#9 /home/ata/Project/billing/framework/web/CController.php(748): SiteController->renderFile()
#10 /home/ata/Project/billing/protected/controllers/SiteController.php(32): SiteController->render()
#11 /home/ata/Project/billing/framework/web/actions/CInlineAction.php(57): SiteController->actionIndex()
#12 /home/ata/Project/billing/framework/web/CController.php(300): CInlineAction->run()
#13 /home/ata/Project/billing/framework/web/CController.php(278): SiteController->runAction()
#14 /home/ata/Project/billing/framework/web/CController.php(257): SiteController->runActionWithFilters()
#15 /home/ata/Project/billing/framework/web/CWebApplication.php(324): SiteController->run()
#16 /home/ata/Project/billing/framework/web/CWebApplication.php(121): CWebApplication->runController()
#17 /home/ata/Project/billing/framework/base/CApplication.php(135): CWebApplication->processRequest()
#18 /home/ata/Project/billing/index.php(13): CWebApplication->run()
REQUEST_URI=/favicon.ico
in /home/ata/Project/billing/protected/views/layouts/main.php (47)
in /home/ata/Project/billing/protected/views/layouts/column1.php (7)
in /home/ata/Project/billing/protected/controllers/SiteController.php (32)
2011/01/16 08:21:43 [error] [exception.CException] exception 'CException' with message 'Alias "application.gii.generators.crud.CrudCode" is invalid. Make sure it points to an existing PHP file.' in /home/ata/Project/billing/framework/YiiBase.php:310
Stack trace:
#0 /home/ata/Project/billing/framework/gii/CCodeGenerator.php(148): YiiBase::import('application.gii...', true)
#1 /home/ata/Project/billing/framework/gii/CCodeGenerator.php(61): CCodeGenerator->prepare()
#2 /home/ata/Project/billing/framework/web/actions/CInlineAction.php(57): CCodeGenerator->actionIndex()
#3 /home/ata/Project/billing/framework/web/CController.php(300): CInlineAction->run()
#4 /home/ata/Project/billing/framework/web/CController.php(278): CController->runAction(Object(CInlineAction))
#5 /home/ata/Project/billing/framework/web/CController.php(257): CController->runActionWithFilters(Object(CInlineAction), Array)
#6 /home/ata/Project/billing/framework/web/CWebApplication.php(324): CController->run('')
#7 /home/ata/Project/billing/framework/web/CWebApplication.php(121): CWebApplication->runController('gii/crud')
#8 /home/ata/Project/billing/framework/base/CApplication.php(135): CWebApplication->processRequest()
#9 /home/ata/Project/billing/index.php(13): CApplication->run()
#10 {main} REQUEST_URI=/index.php?r=gii/crud
2011/01/16 08:50:36 [error] [php] Undefined variable: model (/home/ata/Project/billing/protected/views/user/_form.php:13)
Stack trace:
#0 /home/ata/Project/billing/framework/web/CController.php(833): UserController->renderFile()
#1 /home/ata/Project/billing/protected/views/user/create.php(15): UserController->renderPartial()
#2 /home/ata/Project/billing/framework/web/CBaseController.php(119): require()
#3 /home/ata/Project/billing/framework/web/CBaseController.php(88): UserController->renderInternal()
#4 /home/ata/Project/billing/framework/web/CController.php(833): UserController->renderFile()
#5 /home/ata/Project/billing/framework/web/CController.php(746): UserController->renderPartial()
#6 /home/ata/Project/billing/protected/controllers/UserController.php(78): UserController->render()
#7 /home/ata/Project/billing/framework/web/actions/CInlineAction.php(57): UserController->actionCreate()
#8 /home/ata/Project/billing/framework/web/CController.php(300): CInlineAction->run()
#9 /home/ata/Project/billing/framework/web/filters/CFilterChain.php(133): UserController->runAction()
#10 /home/ata/Project/billing/framework/web/filters/CFilter.php(41): CFilterChain->run()
#11 /home/ata/Project/billing/framework/web/CController.php(1084): CAccessControlFilter->filter()
#12 /home/ata/Project/billing/framework/web/filters/CInlineFilter.php(59): UserController->filterAccessControl()
#13 /home/ata/Project/billing/framework/web/filters/CFilterChain.php(130): CInlineFilter->filter()
#14 /home/ata/Project/billing/framework/web/CController.php(283): CFilterChain->run()
#15 /home/ata/Project/billing/framework/web/CController.php(257): UserController->runActionWithFilters()
#16 /home/ata/Project/billing/framework/web/CWebApplication.php(324): UserController->run()
#17 /home/ata/Project/billing/framework/web/CWebApplication.php(121): CWebApplication->runController()
#18 /home/ata/Project/billing/framework/base/CApplication.php(135): CWebApplication->processRequest()
#19 /home/ata/Project/billing/index.php(13): CWebApplication->run()
REQUEST_URI=/index.php?r=user/create
in /home/ata/Project/billing/protected/views/user/_form.php (13)
in /home/ata/Project/billing/protected/views/user/create.php (15)
in /home/ata/Project/billing/protected/controllers/UserController.php (78)
2011/01/16 08:56:12 [error] [system.db.CDbCommand] Error in executing SQL: INSERT INTO `user` (`fullname`, `username`, `password`, `email`, `role_id`) VALUES (:yp0, :yp1, :yp2, :yp3, :yp4)
in /home/ata/Project/billing/protected/controllers/UserController.php (72)
in /home/ata/Project/billing/index.php (13)
2011/01/16 08:56:12 [error] [exception.CDbException] exception 'CDbException' with message 'CDbCommand failed to execute the SQL statement: SQLSTATE[23000]: Integrity constraint violation: 1452 Cannot add or update a child row: a foreign key constraint fails (`billing_dev`.`user`, CONSTRAINT `fk_user_role` FOREIGN KEY (`role_id`) REFERENCES `role` (`id`) ON DELETE NO ACTION ON UPDATE NO ACTION)' in /home/ata/Project/billing/framework/db/CDbCommand.php:256
Stack trace:
#0 /home/ata/Project/billing/framework/db/ar/CActiveRecord.php(1000): CDbCommand->execute()
#1 /home/ata/Project/billing/framework/db/ar/CActiveRecord.php(764): CActiveRecord->insert(NULL)
#2 /home/ata/Project/billing/protected/controllers/UserController.php(72): CActiveRecord->save()
#3 /home/ata/Project/billing/framework/web/actions/CInlineAction.php(57): UserController->actionCreate()
#4 /home/ata/Project/billing/framework/web/CController.php(300): CInlineAction->run()
#5 /home/ata/Project/billing/framework/web/filters/CFilterChain.php(133): CController->runAction(Object(CInlineAction))
#6 /home/ata/Project/billing/framework/web/filters/CFilter.php(41): CFilterChain->run()
#7 /home/ata/Project/billing/framework/web/CController.php(1084): CFilter->filter(Object(CFilterChain))
#8 /home/ata/Project/billing/framework/web/filters/CInlineFilter.php(59): CController->filterAccessControl(Object(CFilterChain))
#9 /home/ata/Project/billing/framework/web/filters/CFilterChain.php(130): CInlineFilter->filter(Object(CFilterChain))
#10 /home/ata/Project/billing/framework/web/CController.php(283): CFilterChain->run()
#11 /home/ata/Project/billing/framework/web/CController.php(257): CController->runActionWithFilters(Object(CInlineAction), Array)
#12 /home/ata/Project/billing/framework/web/CWebApplication.php(324): CController->run('create')
#13 /home/ata/Project/billing/framework/web/CWebApplication.php(121): CWebApplication->runController('user/create')
#14 /home/ata/Project/billing/framework/base/CApplication.php(135): CWebApplication->processRequest()
#15 /home/ata/Project/billing/index.php(13): CApplication->run()
#16 {main} REQUEST_URI=/index.php?r=user/create
2011/01/16 08:57:37 [error] [php] Undefined variable: role (/home/ata/Project/billing/protected/views/admin/role/_form.php:10)
Stack trace:
#0 /home/ata/Project/billing/framework/web/CController.php(833): RoleController->renderFile()
#1 /home/ata/Project/billing/protected/views/admin/role/update.php(18): RoleController->renderPartial()
#2 /home/ata/Project/billing/framework/web/CBaseController.php(119): require()
#3 /home/ata/Project/billing/framework/web/CBaseController.php(88): RoleController->renderInternal()
#4 /home/ata/Project/billing/framework/web/CController.php(833): RoleController->renderFile()
#5 /home/ata/Project/billing/framework/web/CController.php(746): RoleController->renderPartial()
#6 /home/ata/Project/billing/protected/controllers/admin/RoleController.php(102): RoleController->render()
#7 unknown(0): RoleController->actionUpdate()
#8 /home/ata/Project/billing/framework/web/actions/CInlineAction.php(54): ReflectionMethod->invokeArgs()
#9 /home/ata/Project/billing/framework/web/CController.php(300): CInlineAction->run()
#10 /home/ata/Project/billing/framework/web/filters/CFilterChain.php(133): RoleController->runAction()
#11 /home/ata/Project/billing/framework/web/filters/CFilter.php(41): CFilterChain->run()
#12 /home/ata/Project/billing/framework/web/CController.php(1084): CAccessControlFilter->filter()
#13 /home/ata/Project/billing/framework/web/filters/CInlineFilter.php(59): RoleController->filterAccessControl()
#14 /home/ata/Project/billing/framework/web/filters/CFilterChain.php(130): CInlineFilter->filter()
#15 /home/ata/Project/billing/framework/web/CController.php(283): CFilterChain->run()
#16 /home/ata/Project/billing/framework/web/CController.php(257): RoleController->runActionWithFilters()
#17 /home/ata/Project/billing/framework/web/CWebApplication.php(324): RoleController->run()
#18 /home/ata/Project/billing/framework/web/CWebApplication.php(121): CWebApplication->runController()
#19 /home/ata/Project/billing/framework/base/CApplication.php(135): CWebApplication->processRequest()
#20 /home/ata/Project/billing/index.php(13): CWebApplication->run()
REQUEST_URI=/index.php?r=admin/role/update&id=1
in /home/ata/Project/billing/protected/views/admin/role/_form.php (10)
in /home/ata/Project/billing/protected/views/admin/role/update.php (18)
in /home/ata/Project/billing/protected/controllers/admin/RoleController.php (102)
2011/01/16 08:59:57 [error] [php] Use of undefined constant role - assumed 'role' (/home/ata/Project/billing/protected/views/admin/role/admin.php:36)
Stack trace:
#0 /home/ata/Project/billing/framework/web/CController.php(833): RoleController->renderFile()
#1 /home/ata/Project/billing/framework/web/CController.php(746): RoleController->renderPartial()
#2 /home/ata/Project/billing/protected/controllers/admin/RoleController.php(148): RoleController->render()
#3 /home/ata/Project/billing/framework/web/actions/CInlineAction.php(57): RoleController->actionAdmin()
#4 /home/ata/Project/billing/framework/web/CController.php(300): CInlineAction->run()
#5 /home/ata/Project/billing/framework/web/filters/CFilterChain.php(133): RoleController->runAction()
#6 /home/ata/Project/billing/framework/web/filters/CFilter.php(41): CFilterChain->run()
#7 /home/ata/Project/billing/framework/web/CController.php(1084): CAccessControlFilter->filter()
#8 /home/ata/Project/billing/framework/web/filters/CInlineFilter.php(59): RoleController->filterAccessControl()
#9 /home/ata/Project/billing/framework/web/filters/CFilterChain.php(130): CInlineFilter->filter()
#10 /home/ata/Project/billing/framework/web/CController.php(283): CFilterChain->run()
#11 /home/ata/Project/billing/framework/web/CController.php(257): RoleController->runActionWithFilters()
#12 /home/ata/Project/billing/framework/web/CWebApplication.php(324): RoleController->run()
#13 /home/ata/Project/billing/framework/web/CWebApplication.php(121): CWebApplication->runController()
#14 /home/ata/Project/billing/framework/base/CApplication.php(135): CWebApplication->processRequest()
#15 /home/ata/Project/billing/index.php(13): CWebApplication->run()
REQUEST_URI=/index.php?r=admin/role/admin
in /home/ata/Project/billing/protected/views/admin/role/admin.php (36)
in /home/ata/Project/billing/protected/controllers/admin/RoleController.php (148)
in /home/ata/Project/billing/index.php (13)
2011/01/16 09:01:30 [error] [php] Use of undefined constant role - assumed 'role' (/home/ata/Project/billing/protected/views/admin/role/admin.php:36)
Stack trace:
#0 /home/ata/Project/billing/framework/web/CController.php(833): RoleController->renderFile()
#1 /home/ata/Project/billing/framework/web/CController.php(746): RoleController->renderPartial()
#2 /home/ata/Project/billing/protected/controllers/admin/RoleController.php(148): RoleController->render()
#3 /home/ata/Project/billing/framework/web/actions/CInlineAction.php(57): RoleController->actionAdmin()
#4 /home/ata/Project/billing/framework/web/CController.php(300): CInlineAction->run()
#5 /home/ata/Project/billing/framework/web/filters/CFilterChain.php(133): RoleController->runAction()
#6 /home/ata/Project/billing/framework/web/filters/CFilter.php(41): CFilterChain->run()
#7 /home/ata/Project/billing/framework/web/CController.php(1084): CAccessControlFilter->filter()
#8 /home/ata/Project/billing/framework/web/filters/CInlineFilter.php(59): RoleController->filterAccessControl()
#9 /home/ata/Project/billing/framework/web/filters/CFilterChain.php(130): CInlineFilter->filter()
#10 /home/ata/Project/billing/framework/web/CController.php(283): CFilterChain->run()
#11 /home/ata/Project/billing/framework/web/CController.php(257): RoleController->runActionWithFilters()
#12 /home/ata/Project/billing/framework/web/CWebApplication.php(324): RoleController->run()
#13 /home/ata/Project/billing/framework/web/CWebApplication.php(121): CWebApplication->runController()
#14 /home/ata/Project/billing/framework/base/CApplication.php(135): CWebApplication->processRequest()
#15 /home/ata/Project/billing/index.php(13): CWebApplication->run()
REQUEST_URI=/index.php?r=admin/role/admin
in /home/ata/Project/billing/protected/views/admin/role/admin.php (36)
in /home/ata/Project/billing/protected/controllers/admin/RoleController.php (148)
in /home/ata/Project/billing/index.php (13)
2011/01/16 09:01:35 [error] [php] Undefined variable: role (/home/ata/Project/billing/protected/gii/crud/templates/default/admin.php:46)
Stack trace:
#0 /home/ata/Project/billing/framework/gii/CCodeGenerator.php(158): CrudCode->prepare()
#1 /home/ata/Project/billing/framework/gii/CCodeGenerator.php(61): CrudGenerator->prepare()
#2 /home/ata/Project/billing/framework/web/actions/CInlineAction.php(57): CrudGenerator->actionIndex()
#3 /home/ata/Project/billing/framework/web/CController.php(300): CInlineAction->run()
#4 /home/ata/Project/billing/framework/web/CController.php(278): CrudGenerator->runAction()
#5 /home/ata/Project/billing/framework/web/CController.php(257): CrudGenerator->runActionWithFilters()
#6 /home/ata/Project/billing/framework/web/CWebApplication.php(324): CrudGenerator->run()
#7 /home/ata/Project/billing/framework/web/CWebApplication.php(121): CWebApplication->runController()
#8 /home/ata/Project/billing/framework/base/CApplication.php(135): CWebApplication->processRequest()
#9 /home/ata/Project/billing/index.php(13): CWebApplication->run()
REQUEST_URI=/index.php?r=gii/crud
in /home/ata/Project/billing/protected/gii/crud/templates/default/admin.php (46)
in /home/ata/Project/billing/framework/gii/CCodeModel.php (238)
in /home/ata/Project/billing/protected/gii/crud/CrudCode.php (97)
2011/01/16 09:01:50 [error] [php] Undefined variable: role (/home/ata/Project/billing/protected/gii/crud/templates/default/admin.php:46)
Stack trace:
#0 /home/ata/Project/billing/framework/gii/CCodeGenerator.php(158): CrudCode->prepare()
#1 /home/ata/Project/billing/framework/gii/CCodeGenerator.php(61): CrudGenerator->prepare()
#2 /home/ata/Project/billing/framework/web/actions/CInlineAction.php(57): CrudGenerator->actionIndex()
#3 /home/ata/Project/billing/framework/web/CController.php(300): CInlineAction->run()
#4 /home/ata/Project/billing/framework/web/CController.php(278): CrudGenerator->runAction()
#5 /home/ata/Project/billing/framework/web/CController.php(257): CrudGenerator->runActionWithFilters()
#6 /home/ata/Project/billing/framework/web/CWebApplication.php(324): CrudGenerator->run()
#7 /home/ata/Project/billing/framework/web/CWebApplication.php(121): CWebApplication->runController()
#8 /home/ata/Project/billing/framework/base/CApplication.php(135): CWebApplication->processRequest()
#9 /home/ata/Project/billing/index.php(13): CWebApplication->run()
REQUEST_URI=/index.php?r=gii/crud
in /home/ata/Project/billing/protected/gii/crud/templates/default/admin.php (46)
in /home/ata/Project/billing/framework/gii/CCodeModel.php (238)
in /home/ata/Project/billing/protected/gii/crud/CrudCode.php (97)
2011/01/16 09:25:15 [error] [exception.CHttpException.404] exception 'CHttpException' with message 'Unable to resolve the request "admin/service".' in /home/ata/Project/billing/framework/web/CWebApplication.php:328
Stack trace:
#0 /home/ata/Project/billing/framework/web/CWebApplication.php(121): CWebApplication->runController('admin/service')
#1 /home/ata/Project/billing/framework/base/CApplication.php(135): CWebApplication->processRequest()
#2 /home/ata/Project/billing/index.php(13): CApplication->run()
#3 {main} REQUEST_URI=/index.php?r=admin/service
2011/01/16 09:25:41 [error] [exception.CHttpException.404] exception 'CHttpException' with message 'Unable to resolve the request "admin/service".' in /home/ata/Project/billing/framework/web/CWebApplication.php:328
Stack trace:
#0 /home/ata/Project/billing/framework/web/CWebApplication.php(121): CWebApplication->runController('admin/service')
#1 /home/ata/Project/billing/framework/base/CApplication.php(135): CWebApplication->processRequest()
#2 /home/ata/Project/billing/index.php(13): CApplication->run()
#3 {main} REQUEST_URI=/index.php?r=admin/service
2011/01/16 09:25:45 [error] [exception.CHttpException.404] exception 'CHttpException' with message 'Unable to resolve the request "admin/service".' in /home/ata/Project/billing/framework/web/CWebApplication.php:328
Stack trace:
#0 /home/ata/Project/billing/framework/web/CWebApplication.php(121): CWebApplication->runController('admin/service')
#1 /home/ata/Project/billing/framework/base/CApplication.php(135): CWebApplication->processRequest()
#2 /home/ata/Project/billing/index.php(13): CApplication->run()
#3 {main} REQUEST_URI=/index.php?r=admin/service
2011/01/16 10:43:22 [error] [exception.CHttpException.404] exception 'CHttpException' with message 'TIdak mampu menguraikan permintaan "admin".' in /home/ata/Project/billing/framework/web/CWebApplication.php:328
Stack trace:
#0 /home/ata/Project/billing/framework/web/CWebApplication.php(121): CWebApplication->runController('admin')
#1 /home/ata/Project/billing/framework/base/CApplication.php(135): CWebApplication->processRequest()
#2 /home/ata/Project/billing/index.php(13): CApplication->run()
#3 {main} REQUEST_URI=/index.php?r=admin
2011/01/16 12:43:22 [error] [exception.CException] exception 'CException' with message 'ModelGenerator tidak bisa menemukan tinjauan "index" yang diminta.' in /home/ata/Project/billing/framework/web/CController.php:842
Stack trace:
#0 /home/ata/Project/billing/framework/web/CController.php(746): CController->renderPartial('index', Array, true)
#1 /home/ata/Project/billing/framework/gii/CCodeGenerator.php(70): CController->render('index', Array)
#2 /home/ata/Project/billing/framework/web/actions/CInlineAction.php(57): CCodeGenerator->actionIndex()
#3 /home/ata/Project/billing/framework/web/CController.php(300): CInlineAction->run()
#4 /home/ata/Project/billing/framework/web/CController.php(278): CController->runAction(Object(CInlineAction))
#5 /home/ata/Project/billing/framework/web/CController.php(257): CController->runActionWithFilters(Object(CInlineAction), Array)
#6 /home/ata/Project/billing/framework/web/CWebApplication.php(324): CController->run('')
#7 /home/ata/Project/billing/framework/web/CWebApplication.php(121): CWebApplication->runController('gii/model')
#8 /home/ata/Project/billing/framework/base/CApplication.php(135): CWebApplication->processRequest()
#9 /home/ata/Project/billing/index.php(13): CApplication->run()
#10 {main} REQUEST_URI=/index.php?r=gii/model
2011/01/16 12:43:52 [error] [exception.CException] exception 'CException' with message 'CrudGenerator tidak bisa menemukan tinjauan "index" yang diminta.' in /home/ata/Project/billing/framework/web/CController.php:842
Stack trace:
#0 /home/ata/Project/billing/framework/web/CController.php(746): CController->renderPartial('index', Array, true)
#1 /home/ata/Project/billing/framework/gii/CCodeGenerator.php(70): CController->render('index', Array)
#2 /home/ata/Project/billing/framework/web/actions/CInlineAction.php(57): CCodeGenerator->actionIndex()
#3 /home/ata/Project/billing/framework/web/CController.php(300): CInlineAction->run()
#4 /home/ata/Project/billing/framework/web/CController.php(278): CController->runAction(Object(CInlineAction))
#5 /home/ata/Project/billing/framework/web/CController.php(257): CController->runActionWithFilters(Object(CInlineAction), Array)
#6 /home/ata/Project/billing/framework/web/CWebApplication.php(324): CController->run('')
#7 /home/ata/Project/billing/framework/web/CWebApplication.php(121): CWebApplication->runController('gii/crud')
#8 /home/ata/Project/billing/framework/base/CApplication.php(135): CWebApplication->processRequest()
#9 /home/ata/Project/billing/index.php(13): CApplication->run()
#10 {main} REQUEST_URI=/index.php?r=gii/crud
